This is pdfTeX, Version 3.141592653-2.6-1.40.22 (TeX Live 2022/dev/Debian) (preloaded format=pdflatex 2024.3.14)  27 AUG 2024 14:02
entering extended mode
 restricted \write18 enabled.
 %&-line parsing enabled.
**thesis_v2_base.tex
(./thesis_v2_base.tex
LaTeX2e <2021-11-15> patch level 1
L3 programming layer <2022-01-21> (./uefrep.cls
Document Class: uefrep 2011/11/16 Physics Report Class for Thesis and Reports
(/usr/share/texlive/texmf-dist/tex/latex/base/report.cls
Document Class: report 2021/10/04 v1.4n Standard LaTeX document class
(/usr/share/texlive/texmf-dist/tex/latex/base/size12.clo
File: size12.clo 2021/10/04 v1.4n Standard LaTeX file (size option)
)
\c@part=\count185
\c@chapter=\count186
\c@section=\count187
\c@subsection=\count188
\c@subsubsection=\count189
\c@paragraph=\count190
\c@subparagraph=\count191
\c@figure=\count192
\c@table=\count193
\abovecaptionskip=\skip47
\belowcaptionskip=\skip48
\bibindent=\dimen138
)
(/usr/share/texlive/texmf-dist/tex/latex/amsfonts/amssymb.sty
Package: amssymb 2013/01/14 v3.01 AMS font symbols

(/usr/share/texlive/texmf-dist/tex/latex/amsfonts/amsfonts.sty
Package: amsfonts 2013/01/14 v3.01 Basic AMSFonts support
\@emptytoks=\toks16
\symAMSa=\mathgroup4
\symAMSb=\mathgroup5
LaTeX Font Info:    Redeclaring math symbol \hbar on input line 98.
LaTeX Font Info:    Overwriting math alphabet `\mathfrak' in version `bold'
(Font)                  U/euf/m/n --> U/euf/b/n on input line 106.
))
(/usr/share/texlive/texmf-dist/tex/latex/amsfonts/eufrak.sty

Package eufrak Warning: The eufrak package is redundant if the amsfonts package
 is used on input line 36.

) (/usr/share/texlive/texmf-dist/tex/latex/amsfonts/euscript.sty
Package: euscript 2009/06/22 v3.00 Euler Script fonts
LaTeX Font Info:    Overwriting math alphabet `\EuScript' in version `bold'
(Font)                  U/eus/m/n --> U/eus/b/n on input line 33.
)
Defining PH headings ...
 ... oneside OK
The chapter definitions ...
\t@bindwidth=\skip49
\c@pwidth=\skip50
) (/usr/share/texlive/texmf-dist/tex/generic/babel/babel.sty
Package: babel 2022/01/26 3.70 The Babel package
\babel@savecnt=\count194
\U@D=\dimen139
\l@unhyphenated=\language5

(/usr/share/texlive/texmf-dist/tex/generic/babel/txtbabel.def)
\bbl@readstream=\read2
\bbl@dirlevel=\count195

(/usr/share/texlive/texmf-dist/tex/generic/babel-english/english.ldf
Language: english 2017/06/06 v3.3r English support from the babel system
Package babel Info: Hyphen rules for 'canadian' set to \l@english
(babel)             (\language0). Reported on input line 102.
Package babel Info: Hyphen rules for 'australian' set to \l@ukenglish
(babel)             (\language4). Reported on input line 105.
Package babel Info: Hyphen rules for 'newzealand' set to \l@ukenglish
(babel)             (\language4). Reported on input line 108.
))
(/usr/share/texlive/texmf-dist/tex/latex/base/fontenc.sty
Package: fontenc 2021/04/29 v2.0v Standard LaTeX package
)
(/usr/share/texlive/texmf-dist/tex/latex/cite/cite.sty
LaTeX Info: Redefining \cite on input line 302.
LaTeX Info: Redefining \nocite on input line 332.
Package: cite 2015/02/27  v 5.5
)
(/usr/share/texlive/texmf-dist/tex/latex/url/url.sty
\Urlmuskip=\muskip16
Package: url 2013/09/16  ver 3.4  Verb mode for urls, etc.
)
(/usr/share/texlive/texmf-dist/tex/latex/graphics/graphicx.sty
Package: graphicx 2021/09/16 v1.2d Enhanced LaTeX Graphics (DPC,SPQR)

(/usr/share/texlive/texmf-dist/tex/latex/graphics/keyval.sty
Package: keyval 2014/10/28 v1.15 key=value parser (DPC)
\KV@toks@=\toks17
)
(/usr/share/texlive/texmf-dist/tex/latex/graphics/graphics.sty
Package: graphics 2021/03/04 v1.4d Standard LaTeX Graphics (DPC,SPQR)

(/usr/share/texlive/texmf-dist/tex/latex/graphics/trig.sty
Package: trig 2021/08/11 v1.11 sin cos tan (DPC)
)
(/usr/share/texlive/texmf-dist/tex/latex/graphics-cfg/graphics.cfg
File: graphics.cfg 2016/06/04 v1.11 sample graphics configuration
)
Package graphics Info: Driver file: dvips.def on input line 107.

(/usr/share/texlive/texmf-dist/tex/latex/graphics-def/dvips.def
File: dvips.def 2017/06/20 v3.1d Graphics/color driver for dvips
))
\Gin@req@height=\dimen140
\Gin@req@width=\dimen141
)
(/usr/share/texlive/texmf-dist/tex/latex/amsmath/amsmath.sty
Package: amsmath 2021/10/15 v2.17l AMS math features
\@mathmargin=\skip51

For additional information on amsmath, use the `?' option.
(/usr/share/texlive/texmf-dist/tex/latex/amsmath/amstext.sty
Package: amstext 2021/08/26 v2.01 AMS text

(/usr/share/texlive/texmf-dist/tex/latex/amsmath/amsgen.sty
File: amsgen.sty 1999/11/30 v2.0 generic functions
\@emptytoks=\toks18
\ex@=\dimen142
))
(/usr/share/texlive/texmf-dist/tex/latex/amsmath/amsbsy.sty
Package: amsbsy 1999/11/29 v1.2d Bold Symbols
\pmbraise@=\dimen143
)
(/usr/share/texlive/texmf-dist/tex/latex/amsmath/amsopn.sty
Package: amsopn 2021/08/26 v2.02 operator names
)
\inf@bad=\count196
LaTeX Info: Redefining \frac on input line 234.
\uproot@=\count197
\leftroot@=\count198
LaTeX Info: Redefining \overline on input line 399.
\classnum@=\count199
\DOTSCASE@=\count266
LaTeX Info: Redefining \ldots on input line 496.
LaTeX Info: Redefining \dots on input line 499.
LaTeX Info: Redefining \cdots on input line 620.
\Mathstrutbox@=\box50
\strutbox@=\box51
\big@size=\dimen144
LaTeX Font Info:    Redeclaring font encoding OML on input line 743.
LaTeX Font Info:    Redeclaring font encoding OMS on input line 744.
\macc@depth=\count267
\c@MaxMatrixCols=\count268
\dotsspace@=\muskip17
\c@parentequation=\count269
\dspbrk@lvl=\count270
\tag@help=\toks19
\row@=\count271
\column@=\count272
\maxfields@=\count273
\andhelp@=\toks20
\eqnshift@=\dimen145
\alignsep@=\dimen146
\tagshift@=\dimen147
\tagwidth@=\dimen148
\totwidth@=\dimen149
\lineht@=\dimen150
\@envbody=\toks21
\multlinegap=\skip52
\multlinetaggap=\skip53
\mathdisplay@stack=\toks22
LaTeX Info: Redefining \[ on input line 2938.
LaTeX Info: Redefining \] on input line 2939.
)
(/usr/share/texlive/texmf-dist/tex/latex/psfrag/psfrag.sty
Package: psfrag 1998/04/11 v3.04 PSfrag (MCG)
\pfg@pcount=\count274
\pfg@scount=\count275
\pfg@temp=\write3
)
(/usr/share/texlive/texmf-dist/tex/latex/ae/ae.sty
Package: ae 2001/02/12 1.3 Almost European Computer Modern

(/usr/share/texlive/texmf-dist/tex/latex/base/fontenc.sty
Package: fontenc 2021/04/29 v2.0v Standard LaTeX package
))
(/usr/share/texlive/texmf-dist/tex/latex/ae/aecompl.sty
Package: aecompl 1998/07/23 0.9 T1 Complements for AE fonts (D. Roegel)
)
(/usr/share/texlive/texmf-dist/tex/latex/graphics/color.sty
Package: color 2021/12/07 v1.3c Standard LaTeX Color (DPC)

(/usr/share/texlive/texmf-dist/tex/latex/graphics-cfg/color.cfg
File: color.cfg 2016/01/02 v1.6 sample color configuration
)
Package color Info: Driver file: pdftex.def on input line 149.

(/usr/share/texlive/texmf-dist/tex/latex/graphics-def/pdftex.def
File: pdftex.def 2020/10/05 v1.2a Graphics/color driver for pdftex
))
(/usr/share/texlive/texmf-dist/tex/latex/bookmark/bookmark.sty
Package: bookmark 2020-11-06 v1.29 PDF bookmarks (HO)

(/usr/share/texlive/texmf-dist/tex/latex/hyperref/hyperref.sty
Package: hyperref 2021-06-07 v7.00m Hypertext links for LaTeX

(/usr/share/texlive/texmf-dist/tex/generic/ltxcmds/ltxcmds.sty
Package: ltxcmds 2020-05-10 v1.25 LaTeX kernel commands for general use (HO)
)
(/usr/share/texlive/texmf-dist/tex/generic/iftex/iftex.sty
Package: iftex 2020/03/06 v1.0d TeX engine tests
)
(/usr/share/texlive/texmf-dist/tex/generic/pdftexcmds/pdftexcmds.sty
Package: pdftexcmds 2020-06-27 v0.33 Utility functions of pdfTeX for LuaTeX (HO
)

(/usr/share/texlive/texmf-dist/tex/generic/infwarerr/infwarerr.sty
Package: infwarerr 2019/12/03 v1.5 Providing info/warning/error messages (HO)
)
Package pdftexcmds Info: \pdf@primitive is available.
Package pdftexcmds Info: \pdf@ifprimitive is available.
Package pdftexcmds Info: \pdfdraftmode found.
)
(/usr/share/texlive/texmf-dist/tex/generic/kvsetkeys/kvsetkeys.sty
Package: kvsetkeys 2019/12/15 v1.18 Key value parser (HO)
)
(/usr/share/texlive/texmf-dist/tex/generic/kvdefinekeys/kvdefinekeys.sty
Package: kvdefinekeys 2019-12-19 v1.6 Define keys (HO)
)
(/usr/share/texlive/texmf-dist/tex/generic/pdfescape/pdfescape.sty
Package: pdfescape 2019/12/09 v1.15 Implements pdfTeX's escape features (HO)
)
(/usr/share/texlive/texmf-dist/tex/latex/hycolor/hycolor.sty
Package: hycolor 2020-01-27 v1.10 Color options for hyperref/bookmark (HO)
)
(/usr/share/texlive/texmf-dist/tex/latex/letltxmacro/letltxmacro.sty
Package: letltxmacro 2019/12/03 v1.6 Let assignment for LaTeX macros (HO)
)
(/usr/share/texlive/texmf-dist/tex/latex/auxhook/auxhook.sty
Package: auxhook 2019-12-17 v1.6 Hooks for auxiliary files (HO)
)
(/usr/share/texlive/texmf-dist/tex/latex/kvoptions/kvoptions.sty
Package: kvoptions 2020-10-07 v3.14 Key value format for package options (HO)
)
\@linkdim=\dimen151
\Hy@linkcounter=\count276
\Hy@pagecounter=\count277

(/usr/share/texlive/texmf-dist/tex/latex/hyperref/pd1enc.def
File: pd1enc.def 2021-06-07 v7.00m Hyperref: PDFDocEncoding definition (HO)
Now handling font encoding PD1 ...
... no UTF-8 mapping file for font encoding PD1
)
(/usr/share/texlive/texmf-dist/tex/latex/hyperref/hyperref-langpatches.def
File: hyperref-langpatches.def 2021-06-07 v7.00m Hyperref: patches for babel la
nguages
)
(/usr/share/texlive/texmf-dist/tex/generic/intcalc/intcalc.sty
Package: intcalc 2019/12/15 v1.3 Expandable calculations with integers (HO)
)
(/usr/share/texlive/texmf-dist/tex/generic/etexcmds/etexcmds.sty
Package: etexcmds 2019/12/15 v1.7 Avoid name clashes with e-TeX commands (HO)
)
\Hy@SavedSpaceFactor=\count278

(/usr/share/texlive/texmf-dist/tex/latex/hyperref/puenc.def
File: puenc.def 2021-06-07 v7.00m Hyperref: PDF Unicode definition (HO)
Now handling font encoding PU ...
... no UTF-8 mapping file for font encoding PU
)
Package hyperref Info: Hyper figures OFF on input line 4192.
Package hyperref Info: Link nesting OFF on input line 4197.
Package hyperref Info: Hyper index ON on input line 4200.
Package hyperref Info: Plain pages OFF on input line 4207.
Package hyperref Info: Backreferencing OFF on input line 4212.
Package hyperref Info: Implicit mode ON; LaTeX internals redefined.
Package hyperref Info: Bookmarks ON on input line 4445.
\c@Hy@tempcnt=\count279
LaTeX Info: Redefining \url on input line 4804.
\XeTeXLinkMargin=\dimen152

(/usr/share/texlive/texmf-dist/tex/generic/bitset/bitset.sty
Package: bitset 2019/12/09 v1.3 Handle bit-vector datatype (HO)

(/usr/share/texlive/texmf-dist/tex/generic/bigintcalc/bigintcalc.sty
Package: bigintcalc 2019/12/15 v1.5 Expandable calculations on big integers (HO
)
))
\Fld@menulength=\count280
\Field@Width=\dimen153
\Fld@charsize=\dimen154
Package hyperref Info: Hyper figures OFF on input line 6076.
Package hyperref Info: Link nesting OFF on input line 6081.
Package hyperref Info: Hyper index ON on input line 6084.
Package hyperref Info: backreferencing OFF on input line 6091.
Package hyperref Info: Link coloring OFF on input line 6096.
Package hyperref Info: Link coloring with OCG OFF on input line 6101.
Package hyperref Info: PDF/A mode OFF on input line 6106.
LaTeX Info: Redefining \ref on input line 6146.
LaTeX Info: Redefining \pageref on input line 6150.

(/usr/share/texlive/texmf-dist/tex/latex/base/atbegshi-ltx.sty
Package: atbegshi-ltx 2021/01/10 v1.0c Emulation of the original atbegshi
package with kernel methods
)
\Hy@abspage=\count281
\c@Item=\count282
\c@Hfootnote=\count283
)
Package hyperref Info: Driver (autodetected): hpdftex.

(/usr/share/texlive/texmf-dist/tex/latex/hyperref/hpdftex.def
File: hpdftex.def 2021-06-07 v7.00m Hyperref driver for pdfTeX

(/usr/share/texlive/texmf-dist/tex/latex/base/atveryend-ltx.sty
Package: atveryend-ltx 2020/08/19 v1.0a Emulation of the original atveryend pac
kage
with kernel methods
)
\Fld@listcount=\count284
\c@bookmark@seq@number=\count285

(/usr/share/texlive/texmf-dist/tex/latex/rerunfilecheck/rerunfilecheck.sty
Package: rerunfilecheck 2019/12/05 v1.9 Rerun checks for auxiliary files (HO)

(/usr/share/texlive/texmf-dist/tex/generic/uniquecounter/uniquecounter.sty
Package: uniquecounter 2019/12/15 v1.4 Provide unlimited unique counter (HO)
)
Package uniquecounter Info: New unique counter `rerunfilecheck' on input line 2
86.
)
\Hy@SectionHShift=\skip54
)
(/usr/share/texlive/texmf-dist/tex/latex/bookmark/bkm-pdftex.def
File: bkm-pdftex.def 2020-11-06 v1.29 bookmark driver for pdfTeX (HO)
\BKM@id=\count286
))
(/usr/share/texlive/texmf-dist/tex/latex/pdfx/pdfx.sty
Package: pdfx 2019/02/27 v1.6.3 PDF/X and PDF/A support (CVR/HTH/RRM/PS)
\pdfx@minorversion=\count287

(/usr/share/texlive/texmf-dist/tex/generic/iftex/ifpdf.sty
Package: ifpdf 2019/10/25 v3.4 ifpdf legacy package. Use iftex instead.
)
(/usr/share/texlive/texmf-dist/tex/generic/iftex/ifxetex.sty
Package: ifxetex 2019/10/25 v0.7 ifxetex legacy package. Use iftex instead.
)
(/usr/share/texlive/texmf-dist/tex/latex/everyshi/everyshi.sty
Package: everyshi 2020/11/18 v4.00 EveryShipout Package
)
(/usr/share/texlive/texmf-dist/tex/generic/iftex/ifluatex.sty
Package: ifluatex 2019/10/25 v1.5 ifluatex legacy package. Use iftex instead.
){/var/lib/texmf/fonts/map/pdftex/updmap/pdftex.map}
(/usr/share/texlive/texmf-dist/tex/latex/base/inputenc.sty
Package: inputenc 2021/02/14 v1.3d Input encoding file
\inpenc@prehook=\toks23
\inpenc@posthook=\toks24
)
(/usr/share/texlive/texmf-dist/tex/latex/pdfx/l8u-penc.def
File: l8u-penc.def 2017/06/23 v0.8 Custom LaTeX file, for UTF8 encoded letters 
and symbols
LaTeX Info: Composite with undeclared \b in encoding L8U on input line 278.
)
\pdfxsafeforxmp@toks=\toks25

(/usr/share/texlive/texmf-dist/tex/latex/xcolor/xcolor.sty
Package: xcolor 2021/10/31 v2.13 LaTeX color extensions (UK)

(/usr/share/texlive/texmf-dist/tex/latex/graphics-cfg/color.cfg
File: color.cfg 2016/01/02 v1.6 sample color configuration
)
Package xcolor Info: Driver file: pdftex.def on input line 227.
LaTeX Info: Redefining \color on input line 711.
Package xcolor Info: Model `cmy' substituted by `cmy0' on input line 1352.
Package xcolor Info: Model `RGB' extended on input line 1368.
Package xcolor Info: Model `HTML' substituted by `rgb' on input line 1370.
Package xcolor Info: Model `Hsb' substituted by `hsb' on input line 1371.
Package xcolor Info: Model `tHsb' substituted by `hsb' on input line 1372.
Package xcolor Info: Model `HSB' substituted by `hsb' on input line 1373.
Package xcolor Info: Model `Gray' substituted by `gray' on input line 1374.
Package xcolor Info: Model `wave' substituted by `hsb' on input line 1375.
)
\pdfx@tmptoks=\toks26


Package hyperref Warning: Option `pdftex' has already been used,
(hyperref)                setting the option has no effect on input line 1461.


Package hyperref Warning: Option `pdfa' has already been used,
(hyperref)                setting the option has no effect on input line 1461.

Package hyperref Info: Option `unicode' set `true' on input line 1463.
(/usr/share/texlive/texmf-dist/tex/generic/stringenc/stringenc.sty
Package: stringenc 2019/11/29 v1.12 Convert strings between diff. encodings (HO
)
)
Package hyperref Info: Option `psdextra' set `true' on input line 1465.

(/usr/share/texlive/texmf-dist/tex/latex/hyperref/puenc-greekbasic.def
File: puenc-greekbasic.def 2021-06-07 v7.00m Hyperref: PDF Unicode definition (
greek block) (HO)
)
(/usr/share/texlive/texmf-dist/tex/latex/hyperref/psdextra.def
File: psdextra.def 2021-06-07 v7.00m Hyperref: Additions to PDF string support
)
(/usr/share/texlive/texmf-dist/tex/generic/colorprofiles/colorprofiles.sty
Package: colorprofiles 2018/11/01 v1.0.1 color profiles for PDF/X and PDF/A sup
port

(/usr/share/texlive/texmf-dist/tex/generic/colorprofiles/colorprofiles.tex))
(/usr/share/texlive/texmf-dist/tex/generic/stringenc/se-pdfdoc.def
File: se-pdfdoc.def 2019/11/29 v1.12 stringenc: PDFDocEncoding
)
(/usr/share/texlive/texmf-dist/tex/latex/pdfx/AdobeColorProfiles.tex)
(/usr/share/texlive/texmf-dist/tex/latex/pdfx/8bit.def
File: 8bit.def 2008/03/30 v1.1d Input encoding file
)
** pdfx: No file thesis_v2_base.xmpdata . Metadata will be incomplete!
<<sRGB.icc>> (/usr/share/texlive/texmf-dist/tex/latex/pdfx/8bit.def
File: 8bit.def 2008/03/30 v1.1d Input encoding file
)
Package hyperref Info: Option `unicode' set `true' on input line 2411.
Package hyperref Info: Option `unicode' set `true' on input line 2412.

(/usr/share/texlive/texmf-dist/tex/generic/pdftex/glyphtounicode.tex)
(/usr/share/texlive/texmf-dist/tex/latex/pdfx/glyphtounicode-cmr.tex)
(/usr/share/texlive/texmf-dist/tex/latex/pdfx/glyphtounicode-ntx.tex)
(/usr/share/texlive/texmf-dist/tex/latex/base/ifthen.sty
Package: ifthen 2020/11/24 v1.1c Standard LaTeX ifthen package (DPC)
)
(/usr/share/texlive/texmf-dist/tex/latex/xmpincl/xmpincl.sty
Package: xmpincl 2021/09/22 v2.4 Include XMP data in pdflatex
)
(/usr/share/texlive/texmf-dist/tex/latex/pdfx/8bit.def
File: 8bit.def 2008/03/30 v1.1d Input encoding file
)
Using XMP template file: pdfa.xmp
\xmpinclWrite=\write4
\xmpinclRead=\read3
\openout4 = `pdfa.xmpi'.

<<pdfa.xmpi>>) (/usr/share/texlive/texmf-dist/tex/latex/caption/subcaption.sty
Package: subcaption 2020/10/07 v1.3j Sub-captions (AR)

(/usr/share/texlive/texmf-dist/tex/latex/caption/caption.sty
Package: caption 2020/10/26 v3.5g Customizing captions (AR)

(/usr/share/texlive/texmf-dist/tex/latex/caption/caption3.sty
Package: caption3 2020/10/21 v2.2e caption3 kernel (AR)
\captionmargin=\dimen155
\captionmargin@=\dimen156
\captionwidth=\dimen157
\caption@tempdima=\dimen158
\caption@indent=\dimen159
\caption@parindent=\dimen160
\caption@hangindent=\dimen161
Package caption Info: Unknown document class (or package),
(caption)             standard defaults will be used.
Package caption Info: \@makecaption = \long macro:#1#2-> \vskip 10pt \iftableca
p \setbox \@tempboxa \hbox {#2} \ifdim \wd \@tempboxa > \c@pwidth \hbox to\hsiz
e {\hfil {\sc #1}\hfil } \begin {list}{}{\leftmargin \t@bindwidth \rightmargin 
\t@bindwidth } {\item \footnotesize #2} \end {list} \else \hbox to\hsize {\hfil
 {\sc #1}\hfil } \hbox to\hsize {\hfil {\footnotesize #2}\hfil } \vskip 0.67\ba
selineskip \vfill \fi \else \setbox \@tempboxa \hbox {\small {\bf #1}: #2} \ifd
im \wd \@tempboxa >1.2\c@pwidth \begin {list}{}{\leftmargin \t@bindwidth \right
margin \t@bindwidth } {\small \item {\bf #1}: #2} \end {list} \else \hbox to\hs
ize {\hfil \box \@tempboxa \hfil } \fi \fi  on input line 1139.
)

Package caption Warning: Unknown document class (or package),
(caption)                standard defaults will be used.
See the caption package documentation for explanation.

\c@caption@flags=\count288
\c@continuedfloat=\count289
Package caption Info: hyperref package is loaded.
)
\c@subfigure=\count290
\c@subtable=\count291
) (/usr/share/texlive/texmf-dist/tex/latex/listings/listings.sty
\lst@mode=\count292
\lst@gtempboxa=\box52
\lst@token=\toks27
\lst@length=\count293
\lst@currlwidth=\dimen162
\lst@column=\count294
\lst@pos=\count295
\lst@lostspace=\dimen163
\lst@width=\dimen164
\lst@newlines=\count296
\lst@lineno=\count297
\lst@maxwidth=\dimen165

(/usr/share/texlive/texmf-dist/tex/latex/listings/lstmisc.sty
File: lstmisc.sty 2020/03/24 1.8d (Carsten Heinz)
\c@lstnumber=\count298
\lst@skipnumbers=\count299
\lst@framebox=\box53
)
(/usr/share/texlive/texmf-dist/tex/latex/listings/listings.cfg
File: listings.cfg 2020/03/24 1.8d listings configuration
))
Package: listings 2020/03/24 1.8d (Carsten Heinz)

(/usr/share/texlive/texmf-dist/tex/latex/amscls/amsthm.sty
Package: amsthm 2020/05/29 v2.20.6
\thm@style=\toks28
\thm@bodyfont=\toks29
\thm@headfont=\toks30
\thm@notefont=\toks31
\thm@headpunct=\toks32
\thm@preskip=\skip55
\thm@postskip=\skip56
\thm@headsep=\skip57
\dth@everypar=\toks33
)
(/usr/share/texlive/texmf-dist/tex/latex/tools/tabularx.sty
Package: tabularx 2020/01/15 v2.11c `tabularx' package (DPC)

(/usr/share/texlive/texmf-dist/tex/latex/tools/array.sty
Package: array 2021/10/04 v2.5f Tabular extension package (FMi)
\col@sep=\dimen166
\ar@mcellbox=\box54
\extrarowheight=\dimen167
\NC@list=\toks34
\extratabsurround=\skip58
\backup@length=\skip59
\ar@cellbox=\box55
)
\TX@col@width=\dimen168
\TX@old@table=\dimen169
\TX@old@col=\dimen170
\TX@target=\dimen171
\TX@delta=\dimen172
\TX@cols=\count300
\TX@ftn=\toks35
)
(/usr/share/texlive/texmf-dist/tex/latex/tools/longtable.sty
Package: longtable 2021-09-01 v4.17 Multi-page Table package (DPC)
\LTleft=\skip60
\LTright=\skip61
\LTpre=\skip62
\LTpost=\skip63
\LTchunksize=\count301
\LTcapwidth=\dimen173
\LT@head=\box56
\LT@firsthead=\box57
\LT@foot=\box58
\LT@lastfoot=\box59
\LT@gbox=\box60
\LT@cols=\count302
\LT@rows=\count303
\c@LT@tables=\count304
\c@LT@chunks=\count305
\LT@p@ftn=\toks36
)
(/usr/share/texlive/texmf-dist/tex/latex/glossaries/base/glossaries.sty
Package: glossaries 2021/11/01 v4.49 (NLCT)

(/usr/share/texlive/texmf-dist/tex/latex/xkeyval/xkeyval.sty
Package: xkeyval 2020/11/20 v2.8 package option processing (HA)

(/usr/share/texlive/texmf-dist/tex/generic/xkeyval/xkeyval.tex
(/usr/share/texlive/texmf-dist/tex/generic/xkeyval/xkvutils.tex
\XKV@toks=\toks37
\XKV@tempa@toks=\toks38
)
\XKV@depth=\count306
File: xkeyval.tex 2014/12/03 v2.7a key=value parser (HA)
))
(/usr/share/texlive/texmf-dist/tex/latex/mfirstuc/mfirstuc.sty
Package: mfirstuc 2021/10/15 v2.07 (NLCT)

(/usr/share/texlive/texmf-dist/tex/latex/etoolbox/etoolbox.sty
Package: etoolbox 2020/10/05 v2.5k e-TeX tools for LaTeX (JAW)
\etb@tempcnta=\count307
)
\@glsmfirst=\toks39
\@glsmrest=\toks40
)
(/usr/share/texlive/texmf-dist/tex/latex/textcase/textcase.sty
Package: textcase 2019/09/14 v1.00 Text only upper/lower case changing (DPC)
)
(/usr/share/texlive/texmf-dist/tex/latex/xfor/xfor.sty
Package: xfor 2009/02/05 v1.05 (NLCT)
)
(/usr/share/texlive/texmf-dist/tex/latex/datatool/datatool-base.sty
Package: datatool-base 2019/09/27 v2.32 (NLCT)

(/usr/share/texlive/texmf-dist/tex/latex/substr/substr.sty
Package: substr 2009/10/20 v1.2 Handle substrings
\c@su@anzahl=\count308
)
(/usr/share/texlive/texmf-dist/tex/latex/datatool/datatool-fp.sty
Package: datatool-fp 2019/09/27 v2.32 (NLCT)

(/usr/share/texlive/texmf-dist/tex/latex/fp/fp.sty
Package: fp 1995/04/02

`Fixed Point Package', Version 0.8, April 2, 1995 (C) Michael Mehlich
(/usr/share/texlive/texmf-dist/tex/latex/fp/defpattern.sty
Package: defpattern 1994/10/12
\actioncount=\count309
)
(/usr/share/texlive/texmf-dist/tex/latex/fp/fp-basic.sty
Package: fp-basic 1996/05/13
\FP@xs=\count310
\FP@xia=\count311
\FP@xib=\count312
\FP@xfa=\count313
\FP@xfb=\count314
\FP@rega=\count315
\FP@regb=\count316
\FP@regs=\count317
\FP@times=\count318
)
(/usr/share/texlive/texmf-dist/tex/latex/fp/fp-addons.sty
Package: fp-addons 1995/03/15
)
(/usr/share/texlive/texmf-dist/tex/latex/fp/fp-snap.sty
Package: fp-snap 1995/04/05
)
(/usr/share/texlive/texmf-dist/tex/latex/fp/fp-exp.sty
Package: fp-exp 1995/04/03
)
(/usr/share/texlive/texmf-dist/tex/latex/fp/fp-trigo.sty
Package: fp-trigo 1995/04/14
)
(/usr/share/texlive/texmf-dist/tex/latex/fp/fp-pas.sty
Package: fp-pas 1994/08/29
)
(/usr/share/texlive/texmf-dist/tex/latex/fp/fp-random.sty
Package: fp-random 1995/02/23
\FPseed=\count319
)
(/usr/share/texlive/texmf-dist/tex/latex/fp/fp-eqn.sty
Package: fp-eqn 1995/04/03
)
(/usr/share/texlive/texmf-dist/tex/latex/fp/fp-upn.sty
Package: fp-upn 1996/10/21
)
(/usr/share/texlive/texmf-dist/tex/latex/fp/fp-eval.sty
Package: fp-eval 1995/04/03
)))
\@dtl@toks=\toks41
\@dtl@tmpcount=\count320
\dtl@tmplength=\skip64
\dtl@sortresult=\count321
\@dtl@numgrpsepcount=\count322
\@dtl@datatype=\count323
\dtl@codeA=\count324
\dtl@codeB=\count325
\@dtl@foreach@level=\count326
)
(/usr/share/texlive/texmf-dist/tex/latex/glossaries/base/glossaries-compatible-
307.sty
Package: glossaries-compatible-307 2021/11/01 v4.49 (NLCT)
) (/usr/share/texlive/texmf-dist/tex/latex/tracklang/tracklang.sty
Package: tracklang 2020/06/30 v1.5 (NLCT) Track Languages

(/usr/share/texlive/texmf-dist/tex/generic/tracklang/tracklang.tex))
(/usr/share/texlive/texmf-dist/tex/latex/translator/translator.sty
Package: translator 2021-05-31 v1.12d Easy translation of strings in LaTeX
)
(/usr/share/texlive/texmf-dist/tex/latex/glossaries-english/glossaries-english.
ldf
File: glossaries-english.ldf 2014/11/23 v1.0
)
\gls@level=\count327
\@gls@tmpb=\toks42
\gls@tmplen=\skip65
\glskeylisttok=\toks43
\glslabeltok=\toks44
\glsshorttok=\toks45
\glslongtok=\toks46

(/usr/share/texlive/texmf-dist/tex/latex/glossaries/styles/glossary-hypernav.st
y
Package: glossary-hypernav 2021/11/01 v4.49 (NLCT)
) (/usr/share/texlive/texmf-dist/tex/latex/glossaries/styles/glossary-list.sty
Package: glossary-list 2021/11/01 v4.49 (NLCT)
\glslistdottedwidth=\skip66
) (/usr/share/texlive/texmf-dist/tex/latex/glossaries/styles/glossary-long.sty
Package: glossary-long 2021/11/01 v4.49 (NLCT)
\glsdescwidth=\skip67
\glspagelistwidth=\skip68
) (/usr/share/texlive/texmf-dist/tex/latex/glossaries/styles/glossary-super.sty
Package: glossary-super 2021/11/01 v4.49 (NLCT)

(/usr/share/texlive/texmf-dist/tex/latex/supertabular/supertabular.sty
Package: supertabular 2020/02/02 v4.1g the supertabular environment
\c@tracingst=\count328
\ST@wd=\dimen174
\ST@rightskip=\skip69
\ST@leftskip=\skip70
\ST@parfillskip=\skip71
\ST@pageleft=\dimen175
\ST@headht=\dimen176
\ST@tailht=\dimen177
\ST@pagesofar=\dimen178
\ST@pboxht=\dimen179
\ST@lineht=\dimen180
\ST@prevht=\dimen181
\ST@toadd=\dimen182
\ST@dimen=\dimen183
\ST@pbox=\box61
))
(/usr/share/texlive/texmf-dist/tex/latex/glossaries/styles/glossary-tree.sty
Package: glossary-tree 2021/11/01 v4.49 (NLCT)
\glstreeindent=\skip72
))
(/usr/share/texlive/texmf-dist/tex/latex/glossaries-extra/glossaries-extra.sty
Package: glossaries-extra 2021/11/22 v1.48 (NLCT)
\@glsxtr@leveloffset=\count329
\glsxtrresourcecount=\count330
\@glsxtrnewgls@inner=\count331
\glsshortpltok=\toks47
\glslongpltok=\toks48
\mglselementindex=\count332
) (/usr/share/texlive/texmf-dist/tex/latex/listings/lstlang1.sty
File: lstlang1.sty 2020/03/24 1.8d listings language file
)
Package hyperref Info: Option `colorlinks' set `true' on input line 54.
Package hyperref Info: Option `breaklinks' set `true' on input line 54.

(/usr/share/texlive/texmf-dist/tex/latex/floatrow/floatrow.sty
Package: floatrow 2008/08/02 v0.3b floatrow: float package extension
\c@float@type=\count333
\float@exts=\toks49
\float@box=\box62
\@floatcapt=\box63
Package floatrow Info: Modified float package code loaded on input line 455.
Package floatrow Info: Modified rotfloat package code loaded on input line 473.

\FR@everyfloat=\toks50
\flrow@foot=\insert252
\FB@wd=\dimen184
\FBo@wd=\dimen185
\FBc@wd=\dimen186
\FBo@ht=\skip73
\FBc@ht=\skip74
\FBf@ht=\skip75
\FBo@max=\skip76
\FBc@max=\skip77
\FBf@max=\skip78
\c@FBl@b=\count334
\floatbox@depth=\count335
\c@FRobj=\count336
\c@FRsobj=\count337
\Xhsize=\skip79
\sXhsize=\skip80
\Zhsize=\skip81
\sZhsize=\skip82
\flrow@rowbox=\box64
\FR@Zunitlength=\dimen187
\c@FBcnt=\count338
\FPOScnt=\count339
\LTleft=\skip83
\LTright=\skip84
\LTleft=\skip85
\LTright=\skip86
\flrow@types=\toks51
)
\glswrite=\write5
\glo@main@file=\write6
\openout6 = `thesis_v2_base.glo'.

Package glossaries Info: Writing glossary file thesis_v2_base.glo on input line
 88.
\glo@acronym@file=\write7
\openout7 = `thesis_v2_base.acn'.

Package glossaries Info: Writing glossary file thesis_v2_base.acn on input line
 88.
LaTeX Font Info:    Trying to load font information for T1+aer on input line 18
4.

(/usr/share/texlive/texmf-dist/tex/latex/ae/t1aer.fd
File: t1aer.fd 1997/11/16 Font definitions for T1/aer.
)
(/usr/share/texlive/texmf-dist/tex/latex/l3backend/l3backend-pdftex.def
File: l3backend-pdftex.def 2022-01-12 L3 backend support: PDF output (pdfTeX)
\l__color_backend_stack_int=\count340
\l__pdf_internal_box=\box65
)
(./thesis_v2_base.aux (./thesis_front.aux) (./thesis_abs.aux)
(./thesis_preface.aux) (./v2_introduction.aux) (./v2_datasets.aux)
(./v2_tools.aux) (./v2_geolocator.aux) (./v2_angler.aux) (./v2_remarks.aux)
(./v2_appendix.aux))
\openout1 = `thesis_v2_base.aux'.

LaTeX Font Info:    Checking defaults for OML/cmm/m/it on input line 184.
LaTeX Font Info:    ... okay on input line 184.
LaTeX Font Info:    Checking defaults for OMS/cmsy/m/n on input line 184.
LaTeX Font Info:    ... okay on input line 184.
LaTeX Font Info:    Checking defaults for OT1/cmr/m/n on input line 184.
LaTeX Font Info:    ... okay on input line 184.
LaTeX Font Info:    Checking defaults for T1/cmr/m/n on input line 184.
LaTeX Font Info:    ... okay on input line 184.
LaTeX Font Info:    Checking defaults for TS1/cmr/m/n on input line 184.
LaTeX Font Info:    ... okay on input line 184.
LaTeX Font Info:    Checking defaults for OMX/cmex/m/n on input line 184.
LaTeX Font Info:    ... okay on input line 184.
LaTeX Font Info:    Checking defaults for U/cmr/m/n on input line 184.
LaTeX Font Info:    ... okay on input line 184.
LaTeX Font Info:    Checking defaults for PD1/pdf/m/n on input line 184.
LaTeX Font Info:    ... okay on input line 184.
LaTeX Font Info:    Checking defaults for PU/pdf/m/n on input line 184.
LaTeX Font Info:    ... okay on input line 184.

(/usr/share/texlive/texmf-dist/tex/context/base/mkii/supp-pdf.mkii
[Loading MPS to PDF converter (version 2006.09.02).]
\scratchcounter=\count341
\scratchdimen=\dimen188
\scratchbox=\box66
\nofMPsegments=\count342
\nofMParguments=\count343
\everyMPshowfont=\toks52
\MPscratchCnt=\count344
\MPscratchDim=\dimen189
\MPnumerator=\count345
\makeMPintoPDFobject=\count346
\everyMPtoPDFconversion=\toks53
) (/usr/share/texlive/texmf-dist/tex/latex/epstopdf-pkg/epstopdf-base.sty
Package: epstopdf-base 2020-01-24 v2.11 Base part for package epstopdf
Package epstopdf-base Info: Redefining graphics rule for `.eps' on input line 4
85.

(/usr/share/texlive/texmf-dist/tex/latex/latexconfig/epstopdf-sys.cfg
File: epstopdf-sys.cfg 2010/07/13 v1.3 Configuration of (r)epstopdf for TeX Liv
e
))
Package hyperref Info: Link coloring ON on input line 184.

(/usr/share/texlive/texmf-dist/tex/latex/hyperref/nameref.sty
Package: nameref 2021-04-02 v2.47 Cross-referencing by name of section

(/usr/share/texlive/texmf-dist/tex/latex/refcount/refcount.sty
Package: refcount 2019/12/15 v3.6 Data extraction from label references (HO)
)
(/usr/share/texlive/texmf-dist/tex/generic/gettitlestring/gettitlestring.sty
Package: gettitlestring 2019/12/15 v1.6 Cleanup title references (HO)
)
\c@section@level=\count347
)
LaTeX Info: Redefining \ref on input line 184.
LaTeX Info: Redefining \pageref on input line 184.
LaTeX Info: Redefining \nameref on input line 184.
Package caption Info: Begin \AtBeginDocument code.
Package caption Info: float package is loaded.
Package caption Info: floatrow package is loaded.
Package caption Info: listings package is loaded.
Package caption Info: longtable package is loaded.

(/usr/share/texlive/texmf-dist/tex/latex/caption/ltcaption.sty
Package: ltcaption 2020/05/30 v1.4b longtable captions (AR)
)
Package caption Info: Fixing longtable code of `floatrow' package.
Package caption Info: supertabular package is loaded.
Package caption Info: End \AtBeginDocument code.
\c@lstlisting=\count348

(/usr/share/texlive/texmf-dist/tex/latex/floatrow/fr-longtable.sty
Package: fr-longtable 2007/11/28 v0.1b (beta) floatrow: additions for longtable

\flrow@LT@lasthead=\box67
\flrow@LT@prelastfoot=\box68
\c@FBLTpage=\count349
)
\openout2 = `thesis_front.aux'.


(./thesis_front.tex
LaTeX Font Info:    Trying to load font information for T1+aett on input line 3
7.
 (/usr/share/texlive/texmf-dist/tex/latex/ae/t1aett.fd
File: t1aett.fd 1997/11/16 Font definitions for T1/aett.
)
Overfull \hbox (74.52779pt too wide) in paragraph at lines 54--55
[][] 
 []


Underfull \hbox (badness 10000) in paragraph at lines 54--55

 []

) [1
Non-PDF special ignored!
<special> header=psfrag.pro
Non-PDF special ignored!
<special> papersize=597.50787pt,845.04684pt

\openout5 = `thesis_v2_base.ist'.


]
\openout2 = `thesis_abs.aux'.


No file thesis_abs.tex.
\openout2 = `thesis_preface.aux'.

(./thesis_preface.tex) [2






] (./thesis_v2_base.toc
LaTeX Font Info:    Trying to load font information for U+msa on input line 4.

(/usr/share/texlive/texmf-dist/tex/latex/amsfonts/umsa.fd
File: umsa.fd 2013/01/14 v3.01 AMS symbols A
)
LaTeX Font Info:    Trying to load font information for U+msb on input line 4.

(/usr/share/texlive/texmf-dist/tex/latex/amsfonts/umsb.fd
File: umsb.fd 2013/01/14 v3.01 AMS symbols B
) [3



])
\tf@toc=\write8
\openout8 = `thesis_v2_base.toc'.


(./thesis_v2_base.gls [1]
Underfull \hbox (badness 10000) in alignment at lines 2--50
[] []
 []

[2


]) [3]
\openout2 = `v2_introduction.aux'.

 (./v2_introduction.tex
Chapter 1.

Overfull \hbox (3.28633pt too wide) in paragraph at lines 3--4
\T1/aer/m/n/12 This the-sis ex-am-ines a spe-cific ap-plied math-e-mat-ics prob
-lem sug-gested by the Finnish
 []

[4


]) [5]
\openout2 = `v2_datasets.aux'.

 (./v2_datasets.tex
Chapter 2.
[6




]
<pics/fmikumpula.jpg, id=172, 1800.4866pt x 1014.4299pt>
File: pics/fmikumpula.jpg Graphic file (type jpg)
<use pics/fmikumpula.jpg>
Package pdftex.def Info: pics/fmikumpula.jpg  used on input line 17.
(pdftex.def)             Requested size: 384.10959pt x 216.41096pt.


LaTeX Warning: `h' float specifier changed to `ht'.

[7 <./pics/fmikumpula.jpg>] [8]
<pics/pvmodel2.png, id=192, 736.08333pt x 349.75111pt>
File: pics/pvmodel2.png Graphic file (type png)
<use pics/pvmodel2.png>
Package pdftex.def Info: pics/pvmodel2.png  used on input line 116.
(pdftex.def)             Requested size: 341.43436pt x 162.23232pt.
 [9

 <./pics/pvmodel2.png (PNG copy)>]
<pics/oneyear2.png, id=201, 609.27625pt x 495.8525pt>
File: pics/oneyear2.png Graphic file (type png)
<use pics/oneyear2.png>
Package pdftex.def Info: pics/oneyear2.png  used on input line 132.
(pdftex.def)             Requested size: 341.43436pt x 277.87979pt.
 [10 <./pics/oneyear2.png>]
<pics/twodayshelsinki.png, id=211, 582.175pt x 252.945pt>
File: pics/twodayshelsinki.png Graphic file (type png)
<use pics/twodayshelsinki.png>
Package pdftex.def Info: pics/twodayshelsinki.png  used on input line 140.
(pdftex.def)             Requested size: 426.79134pt x 185.43567pt.
 [11 <./pics/twodayshelsinki.png (PNG copy)>] [12]
<pics/cloudfree_algo.png, id=232, 809.0225pt x 782.925pt>
File: pics/cloudfree_algo.png Graphic file (type png)
<use pics/cloudfree_algo.png>
Package pdftex.def Info: pics/cloudfree_algo.png  used on input line 243.
(pdftex.def)             Requested size: 341.43436pt x 330.42708pt.


LaTeX Warning: `h' float specifier changed to `ht'.

[13]) [14 <./pics/cloudfree_algo.png>]
\openout2 = `v2_tools.aux'.

 (./v2_tools.tex
Chapter 3.

LaTeX Warning: `h' float specifier changed to `ht'.

[15




] [16]
<pics/multiday_vs_neat.png, id=262, 937.5025pt x 574.145pt>
File: pics/multiday_vs_neat.png Graphic file (type png)
<use pics/multiday_vs_neat.png>
Package pdftex.def Info: pics/multiday_vs_neat.png  used on input line 99.
(pdftex.def)             Requested size: 384.10959pt x 235.23451pt.
 [17 <./pics/multiday_vs_neat.png>]
<pics/poa_eval_new_crop.png, id=268, 507.67444pt x 291.75667pt>
File: pics/poa_eval_new_crop.png Graphic file (type png)
<use pics/poa_eval_new_crop.png>
Package pdftex.def Info: pics/poa_eval_new_crop.png  used on input line 128.
(pdftex.def)             Requested size: 384.10959pt x 220.74905pt.
 [18 <./pics/poa_eval_new_crop.png (PNG copy)>] [19]
<pics/poa_var_lon.png, id=281, 562.2606pt x 400.3758pt>
File: pics/poa_var_lon.png Graphic file (type png)
<use pics/poa_var_lon.png>
Package pdftex.def Info: pics/poa_var_lon.png  used on input line 188.
(pdftex.def)             Requested size: 426.79134pt x 303.90997pt.
 [20 <./pics/poa_var_lon.png>]
<pics/different_latitudes.png, id=292, 418.89833pt x 276.58888pt>
File: pics/different_latitudes.png Graphic file (type png)
<use pics/different_latitudes.png>
Package pdftex.def Info: pics/different_latitudes.png  used on input line 221.
(pdftex.def)             Requested size: 426.79134pt x 281.81305pt.
 [21 <./pics/different_latitudes.png (PNG copy)>]
<pics/poa_eval_single_day.png, id=299, 340.82889pt x 241.79222pt>
File: pics/poa_eval_single_day.png Graphic file (type png)
<use pics/poa_eval_single_day.png>
Package pdftex.def Info: pics/poa_eval_single_day.png  used on input line 239.
(pdftex.def)             Requested size: 298.75262pt x 211.95135pt.
 [22 <./pics/poa_eval_single_day.png (PNG copy)>] [23]
<pics/uml2.png, id=312, 749.91278pt x 344.84389pt>
File: pics/uml2.png Graphic file (type png)
<use pics/uml2.png>
Package pdftex.def Info: pics/uml2.png  used on input line 261.
(pdftex.def)             Requested size: 426.79134pt x 196.25787pt.
LaTeX Font Info:    Trying to load font information for TS1+aer on input line 2
76.
LaTeX Font Info:    No file TS1aer.fd. on input line 276.


LaTeX Font Warning: Font shape `TS1/aer/m/n' undefined
(Font)              using `TS1/cmr/m/n' instead
(Font)              for symbol `textbullet' on input line 276.

LaTeX Info: Symbol \texttwosuperior not provided by
            font family aer in TS1 encoding.
            Default family used instead on input line 276.
LaTeX Info: Symbol \texttwosuperior not provided by
            font family aer in TS1 encoding.
            Default family used instead on input line 278.
[24 <./pics/uml2.png>]
LaTeX Info: Symbol \texttwosuperior not provided by
            font family aer in TS1 encoding.
            Default family used instead on input line 280.
 [25] [26] [27] [28]
<pics/areamatching2.png, id=366, 755.82375pt x 549.05125pt>
File: pics/areamatching2.png Graphic file (type png)
<use pics/areamatching2.png>
Package pdftex.def Info: pics/areamatching2.png  used on input line 510.
(pdftex.def)             Requested size: 298.75262pt x 217.01947pt.


LaTeX Warning: `h' float specifier changed to `ht'.

[29]
<pics/pvlibsimplecomplex.png, id=378, 537.56389pt x 336.81389pt>
File: pics/pvlibsimplecomplex.png Graphic file (type png)
<use pics/pvlibsimplecomplex.png>
Package pdftex.def Info: pics/pvlibsimplecomplex.png  used on input line 536.
(pdftex.def)             Requested size: 422.52576pt x 264.73352pt.


LaTeX Warning: `h' float specifier changed to `ht'.

[30 <./pics/areamatching2.png>]) [31 <./pics/pvlibsimplecomplex.png (PNG copy)>
]
\openout2 = `v2_geolocator.aux'.

 (./v2_geolocator.tex
Chapter 4.
[32




] [33]
Underfull \hbox (badness 10000) in paragraph at lines 56--57

 []


Underfull \hbox (badness 10000) in paragraph at lines 75--77

 []

[34]
Underfull \hbox (badness 10000) in paragraph at lines 84--85

 []

<pics/solarnoons2.png, id=418, 899.36pt x 427.5975pt>
File: pics/solarnoons2.png Graphic file (type png)
<use pics/solarnoons2.png>
Package pdftex.def Info: pics/solarnoons2.png  used on input line 88.
(pdftex.def)             Requested size: 426.79134pt x 202.91518pt.
[35 <./pics/solarnoons2.png>]
<pics/first_last_helsinki_kuopio2.png, id=426, 929.4725pt x 450.68375pt>
File: pics/first_last_helsinki_kuopio2.png Graphic file (type png)
<use pics/first_last_helsinki_kuopio2.png>
Package pdftex.def Info: pics/first_last_helsinki_kuopio2.png  used on input li
ne 135.
(pdftex.def)             Requested size: 384.10959pt x 186.24629pt.
 [36] [37 <./pics/first_last_helsinki_kuopio2.png>]
<pics/longitude_v2_helsinki.png, id=441, 722.7pt x 433.62pt>
File: pics/longitude_v2_helsinki.png Graphic file (type png)
<use pics/longitude_v2_helsinki.png>
Package pdftex.def Info: pics/longitude_v2_helsinki.png  used on input line 150
.
(pdftex.def)             Requested size: 384.10959pt x 230.46591pt.
<pics/longitude_v2_kuopio.png, id=442, 722.7pt x 433.62pt>
File: pics/longitude_v2_kuopio.png Graphic file (type png)
<use pics/longitude_v2_kuopio.png>
Package pdftex.def Info: pics/longitude_v2_kuopio.png  used on input line 158.
(pdftex.def)             Requested size: 384.10959pt x 230.46591pt.
 [38

 <./pics/longitude_v2_helsinki.png>] [39 <./pics/longitude_v2_kuopio.png>]

LaTeX Warning: No positions in optional float specifier.
               Default added (so using `tbp') on input line 188.

<pics/solarnoontimes2.png, id=457, 751.80875pt x 529.98pt>
File: pics/solarnoontimes2.png Graphic file (type png)
<use pics/solarnoontimes2.png>
Package pdftex.def Info: pics/solarnoontimes2.png  used on input line 190.
(pdftex.def)             Requested size: 426.79134pt x 300.8706pt.
[40] [41 <./pics/solarnoontimes2.png>] [42]
<pics/slope_to_latitude3.png, id=482, 915.42pt x 446.66875pt>
File: pics/slope_to_latitude3.png Graphic file (type png)
<use pics/slope_to_latitude3.png>
Package pdftex.def Info: pics/slope_to_latitude3.png  used on input line 241.
(pdftex.def)             Requested size: 426.79134pt x 208.24406pt.
 [43 <./pics/slope_to_latitude3.png>]

LaTeX Warning: No positions in optional float specifier.
               Default added (so using `tbp') on input line 311.

<pics/std_dev_helsinki_latitude.png, id=491, 423.5022pt x 292.6935pt>
File: pics/std_dev_helsinki_latitude.png Graphic file (type png)
<use pics/std_dev_helsinki_latitude.png>
Package pdftex.def Info: pics/std_dev_helsinki_latitude.png  used on input line
 313.
(pdftex.def)             Requested size: 341.43436pt x 235.97282pt.
[44] [45 <./pics/std_dev_helsinki_latitude.png>] [46] [47

]
<pics/geolocationmap2.png, id=523, 474.77374pt x 439.6425pt>
File: pics/geolocationmap2.png Graphic file (type png)
<use pics/geolocationmap2.png>
Package pdftex.def Info: pics/geolocationmap2.png  used on input line 415.
(pdftex.def)             Requested size: 192.0548pt x 177.83957pt.
<pics/geolocationmap3.png, id=524, 474.77374pt x 439.6425pt>
File: pics/geolocationmap3.png Graphic file (type png)
<use pics/geolocationmap3.png>
Package pdftex.def Info: pics/geolocationmap3.png  used on input line 422.
(pdftex.def)             Requested size: 192.0548pt x 177.83957pt.
) [48 <./pics/geolocationmap2.png> <./pics/geolocationmap3.png>] [49]
\openout2 = `v2_angler.aux'.

 (./v2_angler.tex
Chapter 5.
[50




]
<pics/halfdome.png, id=544, 373.395pt x 353.32pt>
File: pics/halfdome.png Graphic file (type png)
<use pics/halfdome.png>
Package pdftex.def Info: pics/halfdome.png  used on input line 15.
(pdftex.def)             Requested size: 149.37956pt x 141.34706pt.
<pics/polarplot.png, id=545, 443.6575pt x 440.64626pt>
File: pics/polarplot.png Graphic file (type png)
<use pics/polarplot.png>
Package pdftex.def Info: pics/polarplot.png  used on input line 22.
(pdftex.def)             Requested size: 149.37956pt x 148.36542pt.

Underfull \hbox (badness 1014) in paragraph at lines 23--23
[]\T1/aer/b/n/10 (b) |\T1/aer/m/n/10 2D pro-jec-tion of the an-gle
 []

[51 <./pics/halfdome.png> <./pics/polarplot.png>] [52] [53]
<pics/measured_vs_simulated.png, id=581, 943.8462pt x 627.3036pt>
File: pics/measured_vs_simulated.png Graphic file (type png)
<use pics/measured_vs_simulated.png>
Package pdftex.def Info: pics/measured_vs_simulated.png  used on input line 149
.
(pdftex.def)             Requested size: 362.77524pt x 241.10582pt.
 [54 <./pics/measured_vs_simulated.png>]
<pics/disc5.png, id=593, 690.58pt x 681.54625pt>
File: pics/disc5.png Graphic file (type png)
<use pics/disc5.png>
Package pdftex.def Info: pics/disc5.png  used on input line 186.
(pdftex.def)             Requested size: 192.0548pt x 189.5421pt.
<pics/fibolat1.png, id=594, 690.58pt x 681.54625pt>
File: pics/fibolat1.png Graphic file (type png)
<use pics/fibolat1.png>
Package pdftex.def Info: pics/fibolat1.png  used on input line 193.
(pdftex.def)             Requested size: 192.0548pt x 189.5421pt.

Underfull \hbox (badness 1824) in paragraph at lines 194--194
[]\T1/aer/b/n/10 (b) |\T1/aer/m/n/10 Fi-bonacci lattice-based dis-cretiza-tion
 []

[55] [56 <./pics/disc5.png> <./pics/fibolat1.png>] [57]
<pics/10p_fibo_fit_text.png, id=622, 383.20944pt x 309.155pt>
File: pics/10p_fibo_fit_text.png Graphic file (type png)
<use pics/10p_fibo_fit_text.png>
Package pdftex.def Info: pics/10p_fibo_fit_text.png  used on input line 231.
(pdftex.def)             Requested size: 208.39566pt x 168.12524pt.
File: pics/10p_fibo_fit_text.png Graphic file (type png)
<use pics/10p_fibo_fit_text.png>
Package pdftex.def Info: pics/10p_fibo_fit_text.png  used on input line 231.
(pdftex.def)             Requested size: 208.39566pt x 168.12524pt.
<pics/10k_new_model.png, id=624, 872.25874pt x 698.61pt>
File: pics/10k_new_model.png Graphic file (type png)
<use pics/10k_new_model.png>
Package pdftex.def Info: pics/10k_new_model.png  used on input line 260.
(pdftex.def)             Requested size: 341.43436pt x 273.45883pt.
 [58 <./pics/10p_fibo_fit_text.png (PNG copy)>] [59 <./pics/10k_new_model.png>]
<pics/Helsinki2018.png, id=639, 548.5293pt x 531.1845pt>
File: pics/Helsinki2018.png Graphic file (type png)
<use pics/Helsinki2018.png>
Package pdftex.def Info: pics/Helsinki2018.png  used on input line 370.
(pdftex.def)             Requested size: 208.39566pt x 201.80356pt.
File: pics/Helsinki2018.png Graphic file (type png)
<use pics/Helsinki2018.png>
Package pdftex.def Info: pics/Helsinki2018.png  used on input line 370.
(pdftex.def)             Requested size: 208.39566pt x 201.80356pt.
<pics/Helsinki2019.png, id=640, 536.2434pt x 531.1845pt>
File: pics/Helsinki2019.png Graphic file (type png)
<use pics/Helsinki2019.png>
Package pdftex.def Info: pics/Helsinki2019.png  used on input line 377.
(pdftex.def)             Requested size: 208.39566pt x 206.43164pt.
File: pics/Helsinki2019.png Graphic file (type png)
<use pics/Helsinki2019.png>
Package pdftex.def Info: pics/Helsinki2019.png  used on input line 377.
(pdftex.def)             Requested size: 208.39566pt x 206.43164pt.
 [60 <./pics/Helsinki2018.png> <./pics/Helsinki2019.png>]
<pics/Kuopio2018.png, id=652, 540.5796pt x 531.1845pt>
File: pics/Kuopio2018.png Graphic file (type png)
<use pics/Kuopio2018.png>
Package pdftex.def Info: pics/Kuopio2018.png  used on input line 396.
(pdftex.def)             Requested size: 208.39566pt x 204.77007pt.
File: pics/Kuopio2018.png Graphic file (type png)
<use pics/Kuopio2018.png>
Package pdftex.def Info: pics/Kuopio2018.png  used on input line 396.
(pdftex.def)             Requested size: 208.39566pt x 204.77007pt.
<pics/Kuopio2019.png, id=653, 528.2937pt x 531.1845pt>
File: pics/Kuopio2019.png Graphic file (type png)
<use pics/Kuopio2019.png>
Package pdftex.def Info: pics/Kuopio2019.png  used on input line 403.
(pdftex.def)             Requested size: 208.39566pt x 209.53593pt.
File: pics/Kuopio2019.png Graphic file (type png)
<use pics/Kuopio2019.png>
Package pdftex.def Info: pics/Kuopio2019.png  used on input line 403.
(pdftex.def)             Requested size: 208.39566pt x 209.53593pt.
 [61 <./pics/Kuopio2018.png> <./pics/Kuopio2019.png>] [62

]
<pics/iterative_1_step.png, id=672, 706.64pt x 681.54625pt>
File: pics/iterative_1_step.png Graphic file (type png)
<use pics/iterative_1_step.png>
Package pdftex.def Info: pics/iterative_1_step.png  used on input line 442.
(pdftex.def)             Requested size: 192.0548pt x 185.2367pt.
<pics/iterative_6_step.png, id=673, 706.64pt x 681.54625pt>
File: pics/iterative_6_step.png Graphic file (type png)
<use pics/iterative_6_step.png>
Package pdftex.def Info: pics/iterative_6_step.png  used on input line 449.
(pdftex.def)             Requested size: 192.0548pt x 185.2367pt.
 [63 <./pics/iterative_1_step.png> <./pics/iterative_6_step.png>]
[64]
<pics/iterative_multiday_helsinki.png, id=696, 709.65125pt x 689.57625pt>
File: pics/iterative_multiday_helsinki.png Graphic file (type png)
<use pics/iterative_multiday_helsinki.png>
Package pdftex.def Info: pics/iterative_multiday_helsinki.png  used on input li
ne 512.
(pdftex.def)             Requested size: 192.0548pt x 186.61948pt.
<pics/iterative_multiday_kuopio.png, id=697, 709.65125pt x 689.57625pt>
File: pics/iterative_multiday_kuopio.png Graphic file (type png)
<use pics/iterative_multiday_kuopio.png>
Package pdftex.def Info: pics/iterative_multiday_kuopio.png  used on input line
 519.
(pdftex.def)             Requested size: 192.0548pt x 186.61948pt.
 [65 <./pics/iterative_multiday_helsinki.png> <./pics/iterative_multiday_kuopio
.png>]
<pics/measured_vs_simulated_vs_estimated.png, id=709, 945.5325pt x 573.14125pt>

File: pics/measured_vs_simulated_vs_estimated.png Graphic file (type png)
<use pics/measured_vs_simulated_vs_estimated.png>
Package pdftex.def Info: pics/measured_vs_simulated_vs_estimated.png  used on i
nput line 563.
(pdftex.def)             Requested size: 341.43436pt x 206.9691pt.


LaTeX Warning: `!h' float specifier changed to `!ht'.

<pics/measured_vs_simulated_vs_kuopio.png, id=710, 913.4125pt x 567.11874pt>
File: pics/measured_vs_simulated_vs_kuopio.png Graphic file (type png)
<use pics/measured_vs_simulated_vs_kuopio.png>
Package pdftex.def Info: pics/measured_vs_simulated_vs_kuopio.png  used on inpu
t line 570.
(pdftex.def)             Requested size: 341.43436pt x 211.98537pt.

LaTeX Warning: `!h' float specifier changed to `!ht'.

[66]

LaTeX Warning: Text page 67 contains only floats.

[67 <./pics/measured_vs_simulated_vs_estimated.png> <./pics/measured_vs_simulat
ed_vs_kuopio.png>]) [68]
\openout2 = `v2_remarks.aux'.

 (./v2_remarks.tex
Chapter 6.
) [69




]
\openout2 = `v2_appendix.aux'.

 (./v2_appendix.tex
Appendix defined ...
) [70



] (./thesis_v2_base.bbl
Underfull \hbox (badness 4647) in paragraph at lines 28--32
[]\T1/aer/m/n/12 Sandia Na-tional Lab-o-ra-to-ries,``Perez sky dif-fuse model,'
' ,  [][]$\T1/aett/m/n/12 https :
 []


Underfull \hbox (badness 10000) in paragraph at lines 28--32
\T1/aett/m/n/12 / / pvpmc . sandia . gov / modeling-[]guide / 1-[]weather-[]des
ign-[]inputs /
 []


Underfull \hbox (badness 10000) in paragraph at lines 28--32
\T1/aett/m/n/12 plane-[]of-[]array-[]poa-[]irradiance / calculating-[]poa-[]irr
adiance /
 []


Underfull \hbox (badness 10000) in paragraph at lines 34--38
[]\T1/aer/m/n/12 Sandia Na-tional Lab-o-ra-to-ries,``POA beam,'' ,  [][]$\T1/ae
tt/m/n/12 https : / /
 []


Underfull \hbox (badness 10000) in paragraph at lines 34--38
\T1/aett/m/n/12 pvpmc . sandia . gov / modeling-[]guide / 1-[]weather-[]design-
[]inputs /
 []


Underfull \hbox (badness 10000) in paragraph at lines 34--38
\T1/aett/m/n/12 plane-[]of-[]array-[]poa-[]irradiance / calculating-[]poa-[]irr
adiance /
 []


Underfull \hbox (badness 6741) in paragraph at lines 40--44
[]\T1/aer/m/n/12 Sandia Na-tional Lab-o-ra-to-ries,``POA Ground Re-flected,'' ,
  [][]$\T1/aett/m/n/12 https :
 []


Underfull \hbox (badness 10000) in paragraph at lines 40--44
\T1/aett/m/n/12 / / pvpmc . sandia . gov / modeling-[]guide / 1-[]weather-[]des
ign-[]inputs /
 []


Underfull \hbox (badness 10000) in paragraph at lines 40--44
\T1/aett/m/n/12 plane-[]of-[]array-[]poa-[]irradiance / calculating-[]poa-[]irr
adiance /
 []

[71



]
Underfull \hbox (badness 1546) in paragraph at lines 79--83
[]\T1/aer/m/n/12 Vagner Seib-ert,``Distributing points on a sphere,'' ,  [][]$\
T1/aett/m/n/12 https : / / medium .
 []


Underfull \hbox (badness 10000) in paragraph at lines 79--83
\T1/aett/m/n/12 com / @vagnerseibert / distributing-[]points-[]on-[]a-[]sphere-
[]6b593cc05b42$[][]
 []

) [72
runsystem(makeindex -s thesis_v2_base.ist -t thesis_v2_base.glg -o thesis_v2_ba
se.gls thesis_v2_base.glo)...executed safely (allowed).

runsystem(makeindex -s thesis_v2_base.ist -t thesis_v2_base.alg -o thesis_v2_ba
se.acr thesis_v2_base.acn)...executed safely (allowed).

] (./thesis_v2_base.aux (./thesis_front.aux) (./thesis_abs.aux)
(./thesis_preface.aux) (./v2_introduction.aux) (./v2_datasets.aux)
(./v2_tools.aux) (./v2_geolocator.aux) (./v2_angler.aux) (./v2_remarks.aux)
(./v2_appendix.aux))

LaTeX Font Warning: Some font shapes were not available, defaults substituted.

 ) 
Here is how much of TeX's memory you used:
 29068 strings out of 480204
 504827 string characters out of 5895010
 1004376 words of memory out of 5000000
 46152 multiletter control sequences out of 15000+600000
 519111 words of font info for 122 fonts, out of 8000000 for 9000
 36 hyphenation exceptions out of 8191
 91i,17n,91p,1264b,2550s stack positions out of 5000i,500n,10000p,200000b,80000s
{/usr/share/texmf/fonts/enc/dvips/cm-super/cm-super-ts1.enc}</usr/share/texli
ve/texmf-dist/fonts/type1/public/amsfonts/cm/cmb10.pfb></usr/share/texlive/texm
f-dist/fonts/type1/public/amsfonts/cm/cmcsc10.pfb></usr/share/texlive/texmf-dis
t/fonts/type1/public/amsfonts/cm/cmex10.pfb></usr/share/texlive/texmf-dist/font
s/type1/public/amsfonts/cm/cmmi12.pfb></usr/share/texlive/texmf-dist/fonts/type
1/public/amsfonts/cm/cmmi6.pfb></usr/share/texlive/texmf-dist/fonts/type1/publi
c/amsfonts/cm/cmmi8.pfb></usr/share/texlive/texmf-dist/fonts/type1/public/amsfo
nts/cm/cmr10.pfb></usr/share/texlive/texmf-dist/fonts/type1/public/amsfonts/cm/
cmr12.pfb></usr/share/texlive/texmf-dist/fonts/type1/public/amsfonts/cm/cmr8.pf
b></usr/share/texlive/texmf-dist/fonts/type1/public/amsfonts/cm/cmsy10.pfb></us
r/share/texlive/texmf-dist/fonts/type1/public/amsfonts/cm/cmsy8.pfb></usr/share
/texlive/texmf-dist/fonts/type1/public/amsfonts/cm/cmti12.pfb></usr/share/texli
ve/texmf-dist/fonts/type1/public/amsfonts/cm/cmtt12.pfb></usr/share/texlive/tex
mf-dist/fonts/type1/public/amsfonts/symbols/msbm10.pfb></usr/share/texmf/fonts/
type1/public/cm-super/sfrm1200.pfb>
Output written on thesis_v2_base.pdf (75 pages, 7954005 bytes).
PDF statistics:
 1022 PDF objects out of 1200 (max. 8388607)
 263 named destinations out of 1000 (max. 500000)
 568 words of extra memory for PDF output out of 10000 (max. 10000000)

